0 info it worked if it ends with ok
1 verbose cli [ 'node',
1 verbose cli   '/usr/local/bin/npm',
1 verbose cli   'install',
1 verbose cli   '-g',
1 verbose cli   'generator-keystone' ]
2 info using npm@2.11.2
3 info using node@v0.12.4
4 verbose install initial load of /usr/local/lib/package.json
5 verbose readDependencies loading dependencies from /usr/local/lib/package.json
6 silly cache add args [ 'generator-keystone', null ]
7 verbose cache add spec generator-keystone
8 silly cache add parsed spec { raw: 'generator-keystone',
8 silly cache add   scope: null,
8 silly cache add   name: 'generator-keystone',
8 silly cache add   rawSpec: '',
8 silly cache add   spec: '*',
8 silly cache add   type: 'range' }
9 silly addNamed generator-keystone@*
10 verbose addNamed "*" is a valid semver range for generator-keystone
11 silly addNameRange { name: 'generator-keystone', range: '*', hasData: false }
12 silly mapToRegistry name generator-keystone
13 silly mapToRegistry using default registry
14 silly mapToRegistry registry https://registry.npmjs.org/
15 silly mapToRegistry uri https://registry.npmjs.org/generator-keystone
16 verbose addNameRange registry:https://registry.npmjs.org/generator-keystone not in flight; fetching
17 verbose request uri https://registry.npmjs.org/generator-keystone
18 verbose request no auth needed
19 info attempt registry request try #1 at 8:47:23 AM
20 verbose request id 7ed39bde5458a3f9
21 verbose etag "7V2HJQ4Y9BXGZLDR4N83KLP1F"
22 http request GET https://registry.npmjs.org/generator-keystone
23 http 304 https://registry.npmjs.org/generator-keystone
24 silly get cb [ 304,
24 silly get   { date: 'Wed, 08 Jul 2015 08:47:24 GMT',
24 silly get     via: '1.1 varnish',
24 silly get     'cache-control': 'max-age=60',
24 silly get     etag: '"7V2HJQ4Y9BXGZLDR4N83KLP1F"',
24 silly get     age: '0',
24 silly get     connection: 'keep-alive',
24 silly get     'x-served-by': 'cache-lax1422-LAX',
24 silly get     'x-cache': 'HIT',
24 silly get     'x-cache-hits': '1',
24 silly get     'x-timer': 'S1436345244.968729,VS0,VE77',
24 silly get     vary: 'Accept' } ]
25 verbose etag https://registry.npmjs.org/generator-keystone from cache
26 verbose get saving generator-keystone to /home/vagrant/.npm/registry.npmjs.org/generator-keystone/.cache.json
27 silly addNameRange number 2 { name: 'generator-keystone', range: '*', hasData: true }
28 silly addNameRange versions [ 'generator-keystone',
28 silly addNameRange   [ '0.1.0',
28 silly addNameRange     '0.1.1',
28 silly addNameRange     '0.1.2',
28 silly addNameRange     '0.1.3',
28 silly addNameRange     '0.1.4',
28 silly addNameRange     '0.1.5',
28 silly addNameRange     '0.1.6',
28 silly addNameRange     '0.1.7',
28 silly addNameRange     '0.1.8',
28 silly addNameRange     '0.1.10',
28 silly addNameRange     '0.1.11',
28 silly addNameRange     '0.2.0',
28 silly addNameRange     '0.2.1',
28 silly addNameRange     '0.2.2',
28 silly addNameRange     '0.2.3',
28 silly addNameRange     '0.2.4',
28 silly addNameRange     '0.2.5',
28 silly addNameRange     '0.2.6',
28 silly addNameRange     '0.2.7',
28 silly addNameRange     '0.2.8',
28 silly addNameRange     '0.2.9',
28 silly addNameRange     '0.2.10',
28 silly addNameRange     '0.2.11',
28 silly addNameRange     '0.2.12',
28 silly addNameRange     '0.2.13',
28 silly addNameRange     '0.2.14',
28 silly addNameRange     '0.2.15',
28 silly addNameRange     '0.2.16',
28 silly addNameRange     '0.3.0',
28 silly addNameRange     '0.3.1',
28 silly addNameRange     '0.3.2',
28 silly addNameRange     '0.3.3',
28 silly addNameRange     '0.3.4',
28 silly addNameRange     '0.3.5' ] ]
29 silly addNamed generator-keystone@0.3.5
30 verbose addNamed "0.3.5" is a plain semver version for generator-keystone
31 silly cache afterAdd generator-keystone@0.3.5
32 verbose afterAdd /home/vagrant/.npm/generator-keystone/0.3.5/package/package.json not in flight; writing
33 verbose afterAdd /home/vagrant/.npm/generator-keystone/0.3.5/package/package.json written
34 silly install resolved [ { name: 'generator-keystone',
34 silly install resolved     version: '0.3.5',
34 silly install resolved     description: 'A KeystoneJS Project Generator for Yeoman',
34 silly install resolved     keywords:
34 silly install resolved      [ 'yeoman-generator',
34 silly install resolved        'keystonejs',
34 silly install resolved        'keystone',
34 silly install resolved        'express',
34 silly install resolved        'cms',
34 silly install resolved        'mongoose',
34 silly install resolved        'mongodb',
34 silly install resolved        'mongo',
34 silly install resolved        'website',
34 silly install resolved        'site',
34 silly install resolved        'blog' ],
34 silly install resolved     homepage: 'https://github.com/keystonejs/generator-keystone',
34 silly install resolved     bugs: { url: 'https://github.com/keystonejs/generator-keystone/issues' },
34 silly install resolved     author: { name: 'Jed Watson', url: 'https://github.com/JedWatson' },
34 silly install resolved     main: 'app/index.js',
34 silly install resolved     repository:
34 silly install resolved      { type: 'git',
34 silly install resolved        url: 'git://github.com/keystonejs/generator-keystone.git' },
34 silly install resolved     scripts: { test: 'mocha' },
34 silly install resolved     dependencies:
34 silly install resolved      { colors: '~1.0.3',
34 silly install resolved        'keystone-utils': '~0.1.13',
34 silly install resolved        lodash: '~3.7.0',
34 silly install resolved        'yeoman-generator': '~0.17.7' },
34 silly install resolved     devDependencies: { mocha: '~2.2.4' },
34 silly install resolved     peerDependencies: { yo: '>=1.0.0' },
34 silly install resolved     engines: { node: '>=0.10.0', npm: '>=1.2.10' },
34 silly install resolved     licenses: [ [Object] ],
34 silly install resolved     gitHead: '7a3c5e57ba2add5ca02785abf408cbd73735b87d',
34 silly install resolved     _id: 'generator-keystone@0.3.5',
34 silly install resolved     _shasum: 'ddab3a13fa0f78fcc4c188f0b21dd24fbb54f729',
34 silly install resolved     _from: 'generator-keystone@*',
34 silly install resolved     _npmVersion: '1.4.28',
34 silly install resolved     _npmUser: { name: 'jedwatson', email: 'jed.watson@me.com' },
34 silly install resolved     maintainers: [ [Object] ],
34 silly install resolved     dist:
34 silly install resolved      { shasum: 'ddab3a13fa0f78fcc4c188f0b21dd24fbb54f729',
34 silly install resolved        tarball: 'http://registry.npmjs.org/generator-keystone/-/generator-keystone-0.3.5.tgz' },
34 silly install resolved     directories: {},
34 silly install resolved     _resolved: 'https://registry.npmjs.org/generator-keystone/-/generator-keystone-0.3.5.tgz',
34 silly install resolved     readme: 'ERROR: No README data found!' } ]
35 info install generator-keystone@0.3.5 into /usr/local/lib
36 info installOne generator-keystone@0.3.5
37 verbose installOne of generator-keystone to /usr/local/lib not in flight; installing
38 warn locking Error: EACCES, open '/home/vagrant/.npm/_locks/generator-keystone-c97ee0fcdf0b4bf9.lock'
38 warn locking     at Error (native)
38 warn locking  /home/vagrant/.npm/_locks/generator-keystone-c97ee0fcdf0b4bf9.lock failed { [Error: EACCES, open '/home/vagrant/.npm/_locks/generator-keystone-c97ee0fcdf0b4bf9.lock']
38 warn locking   errno: -13,
38 warn locking   code: 'EACCES',
38 warn locking   path: '/home/vagrant/.npm/_locks/generator-keystone-c97ee0fcdf0b4bf9.lock' }
39 verbose stack Error: Attempt to unlock /usr/local/lib/node_modules/generator-keystone, which hasn't been locked
39 verbose stack     at unlock (/usr/local/lib/node_modules/npm/lib/utils/locker.js:66:11)
39 verbose stack     at cb (/usr/local/lib/node_modules/npm/lib/install.js:1017:5)
39 verbose stack     at /usr/local/lib/node_modules/npm/lib/install.js:1021:20
39 verbose stack     at /usr/local/lib/node_modules/npm/lib/utils/locker.js:40:9
39 verbose stack     at cb (/usr/local/lib/node_modules/npm/node_modules/lockfile/lockfile.js:149:38)
39 verbose stack     at /usr/local/lib/node_modules/npm/node_modules/lockfile/lockfile.js:177:38
39 verbose stack     at FSReqWrap.oncomplete (fs.js:95:15)
40 verbose cwd /practices
41 error Linux 3.2.0-23-generic
42 error argv "node" "/usr/local/bin/npm" "install" "-g" "generator-keystone"
43 error node v0.12.4
44 error npm  v2.11.2
45 error Attempt to unlock /usr/local/lib/node_modules/generator-keystone, which hasn't been locked
46 error If you need help, you may report this error at:
46 error     <https://github.com/npm/npm/issues>
47 verbose exit [ 1, true ]
